<?xml version="1.0" encoding="UTF-8"?>
<!-- Generated by org.testng.reporters.JUnitReportReporter -->
<testsuite hostname="DESKTOP-6AQO9H8" failures="0" tests="1" name="totalPurchaseValidation" time="2.987" errors="0" timestamp="2024-07-25T00:19:42 IST" skipped="0">
  <testcase classname="totalPurchaseValidation" name="sumValidation" time="2.987"/>
  <system-out/>
</testsuite> <!-- totalPurchaseValidation -->
