<?xml version="1.0" encoding="UTF-8"?>
<!-- Generated by org.testng.reporters.JUnitReportReporter -->
<testsuite hostname="DESKTOP-6AQO9H8" failures="0" tests="3" name="DynamicJson" time="5.396" errors="0" timestamp="2024-07-27T18:38:19 IST" skipped="0">
  <testcase classname="DynamicJson" name="addBook" time="5.086"/>
  <system-out/>
  <testcase classname="DynamicJson" name="addBook" time="0.157"/>
  <system-out/>
  <testcase classname="DynamicJson" name="addBook" time="0.153"/>
  <system-out/>
</testsuite> <!-- DynamicJson -->
